<?xml version="1.0" encoding="UTF-8"?>
<testsuite name="SimpleBankSystemTest" tests="1" skipped="0" failures="0" errors="0" timestamp="2022-07-15T09:22:26" hostname="DESKTOP-7ORA94B" time="0.756">
  <properties/>
  <testcase name="start" classname="SimpleBankSystemTest" time="0.756"/>
  <system-out><![CDATA[?[1;31m
Start test 1?[0m
1. Create an account
2. Log into account
0. Exit

> 0
Bye!
?[1;31m
Start test 2?[0m
1. Create an account
2. Log into account
0. Exit

> 0
Bye!
?[1;31m
Start test 3?[0m
1. Create an account
2. Log into account
0. Exit

> 0
Bye!
?[1;31m
Start test 4?[0m
1. Create an account
2. Log into account
0. Exit

> 0
Bye!
?[1;31m
Start test 5?[0m
1. Create an account
2. Log into account
0. Exit

> 1
Your card has been created
Your card number:
4000007007084954
Your card PIN:
8078

1. Create an account
2. Log into account
0. Exit

> 1
Your card has been created
Your card number:
4000009408837113
Your card PIN:
5488

1. Create an account
2. Log into account
0. Exit

> 1
Your card has been created
Your card number:
4000001858716657
Your card PIN:
4544

1. Create an account
2. Log into account
0. Exit

> 1
Your card has been created
Your card number:
4000004310489095
Your card PIN:
6273

1. Create an account
2. Log into account
0. Exit

> 1
Your card has been created
Your card number:
4000004168981037
Your card PIN:
5730

1. Create an account
2. Log into account
0. Exit

> 0
Bye!
4000004310489095
4000004168981037
4000001858716657
4000007007084954
4000009408837113
?[1;31m
Start test 6?[0m
1. Create an account
2. Log into account
0. Exit

> 1
Your card has been created
Your card number:
4000003111933632
Your card PIN:
1170

1. Create an account
2. Log into account
0. Exit

> 2
Enter your card number:
> 4000003111933632
Enter your PIN:
> 1170
You have successfully logged in!

1. Balance
2. Add income
3. Do transfer
4. Close account
5. Log out
0. Exit

> 0
Bye!
?[1;31m
Start test 7?[0m
1. Create an account
2. Log into account
0. Exit

> 1
Your card has been created
Your card number:
4000005752411265
Your card PIN:
1817

1. Create an account
2. Log into account
0. Exit

> 2
Enter your card number:
> 4000005752411265
Enter your PIN:
> 4919
Wrong card number or PIN!

1. Create an account
2. Log into account
0. Exit

> 0
Bye!
?[1;31m
Start test 8?[0m
1. Create an account
2. Log into account
0. Exit

> 1
Your card has been created
Your card number:
4000000147205423
Your card PIN:
4097

1. Create an account
2. Log into account
0. Exit

> 2
Enter your card number:
> 400000240829259
Enter your PIN:
> 4097
Wrong card number or PIN!

1. Create an account
2. Log into account
0. Exit

> 0
Bye!
?[1;31m
Start test 9?[0m
1. Create an account
2. Log into account
0. Exit

> 1
Your card has been created
Your card number:
4000001145139622
Your card PIN:
3066

1. Create an account
2. Log into account
0. Exit

> 2
Enter your card number:
> 4000001145139622
Enter your PIN:
> 3066
You have successfully logged in!

1. Balance
2. Add income
3. Do transfer
4. Close account
5. Log out
0. Exit

> 1
Balance: 0
1. Balance
2. Add income
3. Do transfer
4. Close account
5. Log out
0. Exit

> 0
Bye!
?[1;31m
Start test 10?[0m
1. Create an account
2. Log into account
0. Exit

> 1
Your card has been created
Your card number:
4000008378252246
Your card PIN:
7127

1. Create an account
2. Log into account
0. Exit

> 2
Enter your card number:
> 4000008378252246
Enter your PIN:
> 7127
You have successfully logged in!

1. Balance
2. Add income
3. Do transfer
4. Close account
5. Log out
0. Exit

> 2
Enter income:
> 10000
> 0
Income was added!
1. Balance
2. Add income
3. Do transfer
4. Close account
5. Log out
0. Exit

Bye!
1. Create an account
2. Log into account
0. Exit

> 2
Enter your card number:
> 4000008378252246
Enter your PIN:
> 7127
You have successfully logged in!

1. Balance
2. Add income
3. Do transfer
4. Close account
5. Log out
0. Exit

> 2
Enter income:
> 15000
> 0
Income was added!
1. Balance
2. Add income
3. Do transfer
4. Close account
5. Log out
0. Exit

Bye!
?[1;31m
Start test 11?[0m
1. Create an account
2. Log into account
0. Exit

> 1
Your card has been created
Your card number:
4000008726013498
Your card PIN:
3095

1. Create an account
2. Log into account
0. Exit

> 1
Your card has been created
Your card number:
4000005474874063
Your card PIN:
4508

1. Create an account
2. Log into account
0. Exit

> 2
Enter your card number:
> 4000005474874063
Enter your PIN:
> 4508
You have successfully logged in!

1. Balance
2. Add income
3. Do transfer
4. Close account
5. Log out
0. Exit

> 3
Transfer
Enter card number:
> 2000007269641764
Probably you made a mistake in the card number. Please try again!
1. Balance
2. Add income
3. Do transfer
4. Close account
5. Log out
0. Exit

> 3
Transfer
Enter card number:
> 2000007269641768
Such a card does not exist.
1. Balance
2. Add income
3. Do transfer
4. Close account
5. Log out
0. Exit

> 3
Transfer
Enter card number:
> 4000008726013498
Enter how much money you want to transfer:
> 100000
Not enough money!
1. Balance
2. Add income
3. Do transfer
4. Close account
5. Log out
0. Exit

> 2
Enter income:
> 20000
> 3
Income was added!
1. Balance
2. Add income
3. Do transfer
4. Close account
5. Log out
0. Exit

Transfer
Enter card number:
> 4000008726013498
Enter how much money you want to transfer:
> 10000
Success!
1. Balance
2. Add income
3. Do transfer
4. Close account
5. Log out
0. Exit

> 0
Bye!
?[1;31m
Start test 12?[0m
1. Create an account
2. Log into account
0. Exit

> 1
Your card has been created
Your card number:
4000008375332793
Your card PIN:
6807

1. Create an account
2. Log into account
0. Exit

> 2
Enter your card number:
> 4000008375332793
Enter your PIN:
> 6807
You have successfully logged in!

1. Balance
2. Add income
3. Do transfer
4. Close account
5. Log out
0. Exit

> 4
The account has been closed!
1. Balance
2. Add income
3. Do transfer
4. Close account
5. Log out
0. Exit

> 0
Bye!
]]></system-out>
  <system-err><![CDATA[java.sql.SQLException: ResultSet closed
	at org.sqlite.core.CoreResultSet.checkOpen(CoreResultSet.java:76)
	at org.sqlite.jdbc3.JDBC3ResultSet.findColumn(JDBC3ResultSet.java:39)
	at org.sqlite.jdbc3.JDBC3ResultSet.getLong(JDBC3ResultSet.java:417)
	at banking.repository.BankDatabase.getPinFromDatabase(BankDatabase.java:63)
	at banking.service.BankService.logIntoAccount(BankService.java:70)
	at banking.Main.main(Main.java:26)
	at java.base/jdk.internal.reflect.NativeMethodAccessorImpl.invoke0(Native Method)
	at java.base/jdk.internal.reflect.NativeMethodAccessorImpl.invoke(NativeMethodAccessorImpl.java:77)
	at java.base/jdk.internal.reflect.DelegatingMethodAccessorImpl.invoke(DelegatingMethodAccessorImpl.java:43)
	at java.base/java.lang.reflect.Method.invoke(Method.java:568)
	at org.hyperskill.hstest.testing.execution.MainMethodExecutor.invokeMain(MainMethodExecutor.java:172)
	at org.hyperskill.hstest.testing.execution.MainMethodExecutor.lambda$launch$0(MainMethodExecutor.java:199)
	at java.base/java.util.concurrent.Executors$RunnableAdapter.call(Executors.java:539)
	at java.base/java.util.concurrent.FutureTask.run(FutureTask.java:264)
	at java.base/java.util.concurrent.ThreadPoolExecutor.runWorker(ThreadPoolExecutor.java:1136)
	at java.base/java.util.concurrent.ThreadPoolExecutor$Worker.run(ThreadPoolExecutor.java:635)
	at java.base/java.lang.Thread.run(Thread.java:833)
java.sql.SQLException: query does not return ResultSet
	at org.sqlite.jdbc3.JDBC3Statement.executeQuery(JDBC3Statement.java:70)
	at banking.repository.BankDatabase.addIncome(BankDatabase.java:96)
	at banking.service.BankService.addIncomeToAccount(BankService.java:150)
	at banking.service.BankService.logIntoAccount(BankService.java:86)
	at banking.Main.main(Main.java:26)
	at java.base/jdk.internal.reflect.NativeMethodAccessorImpl.invoke0(Native Method)
	at java.base/jdk.internal.reflect.NativeMethodAccessorImpl.invoke(NativeMethodAccessorImpl.java:77)
	at java.base/jdk.internal.reflect.DelegatingMethodAccessorImpl.invoke(DelegatingMethodAccessorImpl.java:43)
	at java.base/java.lang.reflect.Method.invoke(Method.java:568)
	at org.hyperskill.hstest.testing.execution.MainMethodExecutor.invokeMain(MainMethodExecutor.java:172)
	at org.hyperskill.hstest.testing.execution.MainMethodExecutor.lambda$launch$0(MainMethodExecutor.java:199)
	at java.base/java.util.concurrent.Executors$RunnableAdapter.call(Executors.java:539)
	at java.base/java.util.concurrent.FutureTask.run(FutureTask.java:264)
	at java.base/java.util.concurrent.ThreadPoolExecutor.runWorker(ThreadPoolExecutor.java:1136)
	at java.base/java.util.concurrent.ThreadPoolExecutor$Worker.run(ThreadPoolExecutor.java:635)
	at java.base/java.lang.Thread.run(Thread.java:833)
java.sql.SQLException: query does not return ResultSet
	at org.sqlite.jdbc3.JDBC3Statement.executeQuery(JDBC3Statement.java:70)
	at banking.repository.BankDatabase.addIncome(BankDatabase.java:96)
	at banking.service.BankService.addIncomeToAccount(BankService.java:150)
	at banking.service.BankService.logIntoAccount(BankService.java:86)
	at banking.Main.main(Main.java:26)
	at java.base/jdk.internal.reflect.NativeMethodAccessorImpl.invoke0(Native Method)
	at java.base/jdk.internal.reflect.NativeMethodAccessorImpl.invoke(NativeMethodAccessorImpl.java:77)
	at java.base/jdk.internal.reflect.DelegatingMethodAccessorImpl.invoke(DelegatingMethodAccessorImpl.java:43)
	at java.base/java.lang.reflect.Method.invoke(Method.java:568)
	at org.hyperskill.hstest.testing.execution.MainMethodExecutor.invokeMain(MainMethodExecutor.java:172)
	at org.hyperskill.hstest.testing.execution.MainMethodExecutor.lambda$launch$0(MainMethodExecutor.java:199)
	at java.base/java.util.concurrent.Executors$RunnableAdapter.call(Executors.java:539)
	at java.base/java.util.concurrent.FutureTask.run(FutureTask.java:264)
	at java.base/java.util.concurrent.ThreadPoolExecutor.runWorker(ThreadPoolExecutor.java:1136)
	at java.base/java.util.concurrent.ThreadPoolExecutor$Worker.run(ThreadPoolExecutor.java:635)
	at java.base/java.lang.Thread.run(Thread.java:833)
java.sql.SQLException: query does not return ResultSet
	at org.sqlite.jdbc3.JDBC3Statement.executeQuery(JDBC3Statement.java:70)
	at banking.repository.BankDatabase.addIncome(BankDatabase.java:96)
	at banking.service.BankService.addIncomeToAccount(BankService.java:150)
	at banking.service.BankService.logIntoAccount(BankService.java:86)
	at banking.Main.main(Main.java:26)
	at java.base/jdk.internal.reflect.NativeMethodAccessorImpl.invoke0(Native Method)
	at java.base/jdk.internal.reflect.NativeMethodAccessorImpl.invoke(NativeMethodAccessorImpl.java:77)
	at java.base/jdk.internal.reflect.DelegatingMethodAccessorImpl.invoke(DelegatingMethodAccessorImpl.java:43)
	at java.base/java.lang.reflect.Method.invoke(Method.java:568)
	at org.hyperskill.hstest.testing.execution.MainMethodExecutor.invokeMain(MainMethodExecutor.java:172)
	at org.hyperskill.hstest.testing.execution.MainMethodExecutor.lambda$launch$0(MainMethodExecutor.java:199)
	at java.base/java.util.concurrent.Executors$RunnableAdapter.call(Executors.java:539)
	at java.base/java.util.concurrent.FutureTask.run(FutureTask.java:264)
	at java.base/java.util.concurrent.ThreadPoolExecutor.runWorker(ThreadPoolExecutor.java:1136)
	at java.base/java.util.concurrent.ThreadPoolExecutor$Worker.run(ThreadPoolExecutor.java:635)
	at java.base/java.lang.Thread.run(Thread.java:833)
java.sql.SQLException: query does not return ResultSet
	at org.sqlite.jdbc3.JDBC3Statement.executeQuery(JDBC3Statement.java:70)
	at banking.repository.BankDatabase.addIncome(BankDatabase.java:96)
	at banking.service.BankService.doTransfer(BankService.java:137)
	at banking.service.BankService.transferToOtherAccount(BankService.java:126)
	at banking.service.BankService.logIntoAccount(BankService.java:89)
	at banking.Main.main(Main.java:26)
	at java.base/jdk.internal.reflect.NativeMethodAccessorImpl.invoke0(Native Method)
	at java.base/jdk.internal.reflect.NativeMethodAccessorImpl.invoke(NativeMethodAccessorImpl.java:77)
	at java.base/jdk.internal.reflect.DelegatingMethodAccessorImpl.invoke(DelegatingMethodAccessorImpl.java:43)
	at java.base/java.lang.reflect.Method.invoke(Method.java:568)
	at org.hyperskill.hstest.testing.execution.MainMethodExecutor.invokeMain(MainMethodExecutor.java:172)
	at org.hyperskill.hstest.testing.execution.MainMethodExecutor.lambda$launch$0(MainMethodExecutor.java:199)
	at java.base/java.util.concurrent.Executors$RunnableAdapter.call(Executors.java:539)
	at java.base/java.util.concurrent.FutureTask.run(FutureTask.java:264)
	at java.base/java.util.concurrent.ThreadPoolExecutor.runWorker(ThreadPoolExecutor.java:1136)
	at java.base/java.util.concurrent.ThreadPoolExecutor$Worker.run(ThreadPoolExecutor.java:635)
	at java.base/java.lang.Thread.run(Thread.java:833)
java.sql.SQLException: query does not return ResultSet
	at org.sqlite.jdbc3.JDBC3Statement.executeQuery(JDBC3Statement.java:70)
	at banking.repository.BankDatabase.updateSendersBalance(BankDatabase.java:133)
	at banking.service.BankService.doTransfer(BankService.java:138)
	at banking.service.BankService.transferToOtherAccount(BankService.java:126)
	at banking.service.BankService.logIntoAccount(BankService.java:89)
	at banking.Main.main(Main.java:26)
	at java.base/jdk.internal.reflect.NativeMethodAccessorImpl.invoke0(Native Method)
	at java.base/jdk.internal.reflect.NativeMethodAccessorImpl.invoke(NativeMethodAccessorImpl.java:77)
	at java.base/jdk.internal.reflect.DelegatingMethodAccessorImpl.invoke(DelegatingMethodAccessorImpl.java:43)
	at java.base/java.lang.reflect.Method.invoke(Method.java:568)
	at org.hyperskill.hstest.testing.execution.MainMethodExecutor.invokeMain(MainMethodExecutor.java:172)
	at org.hyperskill.hstest.testing.execution.MainMethodExecutor.lambda$launch$0(MainMethodExecutor.java:199)
	at java.base/java.util.concurrent.Executors$RunnableAdapter.call(Executors.java:539)
	at java.base/java.util.concurrent.FutureTask.run(FutureTask.java:264)
	at java.base/java.util.concurrent.ThreadPoolExecutor.runWorker(ThreadPoolExecutor.java:1136)
	at java.base/java.util.concurrent.ThreadPoolExecutor$Worker.run(ThreadPoolExecutor.java:635)
	at java.base/java.lang.Thread.run(Thread.java:833)
java.sql.SQLException: query does not return ResultSet
	at org.sqlite.jdbc3.JDBC3Statement.executeQuery(JDBC3Statement.java:70)
	at banking.repository.BankDatabase.closeAccount(BankDatabase.java:148)
	at banking.service.BankService.closeAccount(BankService.java:114)
	at banking.service.BankService.logIntoAccount(BankService.java:92)
	at banking.Main.main(Main.java:26)
	at java.base/jdk.internal.reflect.NativeMethodAccessorImpl.invoke0(Native Method)
	at java.base/jdk.internal.reflect.NativeMethodAccessorImpl.invoke(NativeMethodAccessorImpl.java:77)
	at java.base/jdk.internal.reflect.DelegatingMethodAccessorImpl.invoke(DelegatingMethodAccessorImpl.java:43)
	at java.base/java.lang.reflect.Method.invoke(Method.java:568)
	at org.hyperskill.hstest.testing.execution.MainMethodExecutor.invokeMain(MainMethodExecutor.java:172)
	at org.hyperskill.hstest.testing.execution.MainMethodExecutor.lambda$launch$0(MainMethodExecutor.java:199)
	at java.base/java.util.concurrent.Executors$RunnableAdapter.call(Executors.java:539)
	at java.base/java.util.concurrent.FutureTask.run(FutureTask.java:264)
	at java.base/java.util.concurrent.ThreadPoolExecutor.runWorker(ThreadPoolExecutor.java:1136)
	at java.base/java.util.concurrent.ThreadPoolExecutor$Worker.run(ThreadPoolExecutor.java:635)
	at java.base/java.lang.Thread.run(Thread.java:833)
]]></system-err>
</testsuite>
